<?xml version="1.0" encoding="UTF-8"?>
<testsuites name="jest tests" tests="7" failures="0" errors="0" time="0.192">
  <testsuite name="maths" errors="0" failures="0" skipped="0" timestamp="2025-08-30T13:12:47" time="0.078" tests="7">
    <testcase classname="maths 2+3=5" name="maths 2+3=5" time="0">
    </testcase>
    <testcase classname="maths 5-3=2" name="maths 5-3=2" time="0">
    </testcase>
    <testcase classname="maths 2*3=6" name="maths 2*3=6" time="0">
    </testcase>
    <testcase classname="maths 6/3=2" name="maths 6/3=2" time="0.001">
    </testcase>
    <testcase classname="maths 2^3=8" name="maths 2^3=8" time="0">
    </testcase>
    <testcase classname="maths sqrt(4)=2" name="maths sqrt(4)=2" time="0">
    </testcase>
    <testcase classname="maths 2 es par" name="maths 2 es par" time="0">
    </testcase>
  </testsuite>
</testsuites>